<?xml version="1.0" encoding="UTF-8"?>
<!-- Generated by org.testng.reporters.JUnitReportReporter -->
<testsuite skipped="0" hostname="LAPTOP-DA7PPE8S" name="Fb_Demo.Browser_Launch" tests="1" failures="0" timestamp="2020-07-27T21:41:25 IST" time="35.594" errors="0">
  <testcase name="browserLaunch" time="35.594" classname="Fb_Demo.Browser_Launch"/>
  <system-out/>
</testsuite> <!-- Fb_Demo.Browser_Launch -->
